<?xml version="1.0" encoding="UTF-8"?>
<!-- Generated by org.testng.reporters.JUnitReportReporter -->
<testsuite hostname="DacPCGkim" failures="0" tests="6" name="com.scripts.Cardio" time="437.233" errors="0" timestamp="2022-08-17T17:54:01 ICT" skipped="0">
  <testcase classname="com.scripts.Cardio" name="Cardio_approve1_to_AFU" time="112.998"/>
  <system-out/>
  <testcase classname="com.scripts.Cardio" name="Cardio_assign_to_approve1" time="70.060"/>
  <system-out/>
  <testcase classname="com.scripts.Cardio" name="Cardio_create_case" time="100.409"/>
  <system-out/>
  <testcase classname="com.scripts.Cardio" name="Cardio_to_aprrove3" time="42.370"/>
  <system-out/>
  <testcase classname="com.scripts.Cardio" name="Cardio_to_complete" time="49.871"/>
  <system-out/>
  <testcase classname="com.scripts.Cardio" name="Cardio_new_to_assign" time="61.525"/>
  <system-out/>
</testsuite> <!-- com.scripts.Cardio -->
