<?xml version="1.0" encoding="UTF-8"?>
<!-- Generated by org.testng.reporters.JUnitReportReporter -->
<testsuite hostname="DacPCGkim" failures="0" tests="1" name="com.scripts.RCE_Core" time="312.916" errors="0" timestamp="2022-08-03T15:20:34 ICT" skipped="0">
  <testcase classname="com.scripts.RCE_Core" name="MDR_core" time="312.916"/>
  <system-out/>
</testsuite> <!-- com.scripts.RCE_Core -->
