<?xml version="1.0" encoding="UTF-8"?>
<!-- Generated by org.testng.reporters.JUnitReportReporter -->
<testsuite hostname="DacPCGkim" failures="0" tests="1" name="com.scripts.provider_approved" time="52.947" errors="0" timestamp="2022-08-01T11:52:44 ICT" skipped="0">
  <testcase classname="com.scripts.provider_approved" name="pro_test" time="52.947"/>
  <system-out/>
</testsuite> <!-- com.scripts.provider_approved -->
