<?xml version="1.0" encoding="UTF-8"?>
<!-- Generated by org.testng.reporters.JUnitReportReporter -->
<testsuite skipped="0" hostname="nvhuy1" name="com.scripts.GoogleTest" tests="1" failures="0" timestamp="2022-01-20T10:47:43 ICT" time="18.379" errors="0">
  <testcase name="GoogleTestSearch" time="18.379" classname="com.scripts.GoogleTest"/>
  <system-out/>
</testsuite> <!-- com.scripts.GoogleTest -->
