<?xml version="1.0" encoding="UTF-8"?>
<!-- Generated by org.testng.reporters.JUnitReportReporter -->
<testsuite skipped="0" hostname="nvhuy1" name="com.scripts.VBSCATest" tests="1" failures="0" timestamp="2022-01-17T11:23:09 ICT" time="13.156" errors="0">
  <testcase name="testLogin1" time="13.156" classname="com.scripts.VBSCATest"/>
  <system-out/>
</testsuite> <!-- com.scripts.VBSCATest -->
