<?xml version="1.0" encoding="UTF-8"?>
<!-- Generated by org.testng.reporters.JUnitReportReporter -->
<testsuite skipped="0" hostname="nvhuy1" name="com.TestLoginVBS" tests="2" failures="0" timestamp="2022-01-17T11:09:34 ICT" time="26.147" errors="0">
  <testcase name="testLogin2" time="12.475" classname="com.TestLoginVBS"/>
  <system-out/>
  <testcase name="testLogin1" time="13.672" classname="com.TestLoginVBS"/>
  <system-out/>
</testsuite> <!-- com.TestLoginVBS -->
