<?xml version="1.0" encoding="UTF-8"?>
<!-- Generated by org.testng.reporters.JUnitReportReporter -->
<testsuite hostname="DacPCGkim" failures="0" tests="1" name="com.scripts.RCE_Core_intake" time="43.427" errors="0" timestamp="2022-08-12T15:45:43 ICT" skipped="0">
  <testcase classname="com.scripts.RCE_Core_intake" name="EEG" time="43.427"/>
  <system-out/>
</testsuite> <!-- com.scripts.RCE_Core_intake -->
