<?xml version="1.0" encoding="UTF-8"?>
<!-- Generated by org.testng.reporters.JUnitReportReporter -->
<testsuite hostname="DacPCGkim" failures="0" tests="4" name="com.scripts.MDR" time="349.284" errors="0" timestamp="2022-08-09T10:03:38 ICT" skipped="0">
  <testcase classname="com.scripts.MDR" name="MDR_assign_to_approve" time="89.582"/>
  <system-out/>
  <testcase classname="com.scripts.MDR" name="MDR_create_new_case" time="109.361"/>
  <system-out/>
  <testcase classname="com.scripts.MDR" name="complete" time="57.617"/>
  <system-out/>
  <testcase classname="com.scripts.MDR" name="MDR_new_to_assign" time="92.724"/>
  <system-out/>
</testsuite> <!-- com.scripts.MDR -->
