<?xml version="1.0" encoding="UTF-8"?>
<!-- Generated by org.testng.reporters.JUnitReportReporter -->
<testsuite hostname="DacPCGkim" failures="0" tests="6" name="com.scripts.Genetics" time="481.985" errors="0" timestamp="2022-12-01T17:02:32 ICT" skipped="0">
  <testcase classname="com.scripts.Genetics" name="Genetics_create_case" time="108.530"/>
  <system-out/>
  <testcase classname="com.scripts.Genetics" name="Genetics_assign_to_approve1" time="102.047"/>
  <system-out/>
  <testcase classname="com.scripts.Genetics" name="Genetics_new_to_assign" time="47.643"/>
  <system-out/>
  <testcase classname="com.scripts.Genetics" name="Genetics_to_aprrove3" time="62.415"/>
  <system-out/>
  <testcase classname="com.scripts.Genetics" name="Genetics_approve1_to_AFU" time="114.952"/>
  <system-out/>
  <testcase classname="com.scripts.Genetics" name="Genetics_to_complete" time="46.398"/>
  <system-out/>
</testsuite> <!-- com.scripts.Genetics -->
