<?xml version="1.0" encoding="UTF-8"?>
<!-- Generated by org.testng.reporters.JUnitReportReporter -->
<testsuite hostname="DacPCGkim" failures="0" tests="1" name="com.scripts.PGX" time="60.948" errors="0" timestamp="2022-08-18T18:41:14 ICT" skipped="0">
  <testcase classname="com.scripts.PGX" name="PGX_new_to_assign" time="60.948"/>
  <system-out/>
</testsuite> <!-- com.scripts.PGX -->
