<?xml version="1.0" encoding="UTF-8"?>
<!-- Generated by org.testng.reporters.JUnitReportReporter -->
<testsuite hostname="DacPCGkim" failures="0" tests="4" name="com.scripts.MDL" time="373.553" errors="0" timestamp="2022-08-09T10:32:13 ICT" skipped="0">
  <testcase classname="com.scripts.MDL" name="MDL_new_to_assign" time="67.647"/>
  <system-out/>
  <testcase classname="com.scripts.MDL" name="MDL_assign_to_approve" time="154.842"/>
  <system-out/>
  <testcase classname="com.scripts.MDL" name="MDL_create_new_case" time="94.153"/>
  <system-out/>
  <testcase classname="com.scripts.MDL" name="complete" time="56.911"/>
  <system-out/>
</testsuite> <!-- com.scripts.MDL -->
