<?xml version="1.0" encoding="UTF-8"?>
<!-- Generated by org.testng.reporters.JUnitReportReporter -->
<testsuite hostname="DacPCGkim" failures="0" tests="4" name="com.scripts.MDL_patient" time="361.656" errors="0" timestamp="2022-08-09T13:57:14 ICT" skipped="0">
  <testcase classname="com.scripts.MDL_patient" name="complete" time="55.668"/>
  <system-out/>
  <testcase classname="com.scripts.MDL_patient" name="MDL_patient_new_case" time="157.782"/>
  <system-out/>
  <testcase classname="com.scripts.MDL_patient" name="MDL_patient_to_assign" time="66.130"/>
  <system-out/>
  <testcase classname="com.scripts.MDL_patient" name="MDL_patient_to_approve" time="82.076"/>
  <system-out/>
</testsuite> <!-- com.scripts.MDL_patient -->
