<?xml version="1.0" encoding="UTF-8"?>
<!-- Generated by org.testng.reporters.JUnitReportReporter -->
<testsuite hostname="DacPCGkim" failures="0" tests="1" name="com.scripts.MDR_test" time="303.601" errors="0" timestamp="2022-08-02T12:19:35 ICT" skipped="0">
  <testcase classname="com.scripts.MDR_test" name="MDR_core" time="303.601"/>
  <system-out/>
</testsuite> <!-- com.scripts.MDR_test -->
