<?xml version="1.0" encoding="UTF-8"?>
<!-- Generated by org.testng.reporters.JUnitReportReporter -->
<testsuite hostname="DacPCGkim" failures="0" tests="1" name="com.scripts.MailTest" time="70.744" errors="0" timestamp="2022-07-26T13:43:10 ICT" skipped="0">
  <testcase classname="com.scripts.MailTest" name="EmailLoginTest" time="70.744"/>
  <system-out/>
</testsuite> <!-- com.scripts.MailTest -->
