<?xml version="1.0" encoding="UTF-8"?>
<!-- Generated by org.testng.reporters.JUnitReportReporter -->
<testsuite skipped="0" hostname="nvhuy1" name="com.TestEx1" tests="3" failures="0" timestamp="2022-01-18T14:15:10 ICT" time="0.013" errors="0">
  <testcase name="printName" time="0.011" classname="com.TestEx1"/>
  <system-out/>
  <testcase name="test2" time="0.002" classname="com.TestEx1"/>
  <system-out/>
  <testcase name="test1" time="0.000" classname="com.TestEx1"/>
  <system-out/>
</testsuite> <!-- com.TestEx1 -->
