<?xml version="1.0" encoding="UTF-8"?>
<!-- Generated by org.testng.reporters.JUnitReportReporter -->
<testsuite hostname="DacPCGkim" failures="0" tests="4" name="com.scripts.CGM" time="274.910" errors="0" timestamp="2022-11-29T15:34:15 ICT" skipped="0">
  <testcase classname="com.scripts.CGM" name="complete" time="41.050"/>
  <system-out/>
  <testcase classname="com.scripts.CGM" name="CGM_assign_to_approve" time="81.324"/>
  <system-out/>
  <testcase classname="com.scripts.CGM" name="CGM_new_to_assign" time="54.375"/>
  <system-out/>
  <testcase classname="com.scripts.CGM" name="CGM_create_case" time="98.161"/>
  <system-out/>
</testsuite> <!-- com.scripts.CGM -->
