<?xml version="1.0" encoding="UTF-8"?>
<!-- Generated by org.testng.reporters.JUnitReportReporter -->
<testsuite hostname="DacPCGkim" failures="0" tests="4" name="com.scripts.Covid" time="300.079" errors="0" timestamp="2022-11-29T17:27:10 ICT" skipped="0">
  <testcase classname="com.scripts.Covid" name="Covid_to_complete" time="73.548"/>
  <system-out/>
  <testcase classname="com.scripts.Covid" name="Covid_create_case" time="86.697"/>
  <system-out/>
  <testcase classname="com.scripts.Covid" name="Covid_new_to_assign" time="69.591"/>
  <system-out/>
  <testcase classname="com.scripts.Covid" name="Covid_assign_to_approve" time="70.243"/>
  <system-out/>
</testsuite> <!-- com.scripts.Covid -->
