<?xml version="1.0" encoding="UTF-8"?>
<!-- Generated by org.testng.reporters.JUnitReportReporter -->
<testsuite hostname="DacPCGkim" failures="0" tests="1" name="com.scripts.test" time="0.013" errors="0" timestamp="2022-08-10T10:21:24 ICT" skipped="0">
  <testcase classname="com.scripts.test" name="test1" time="0.013"/>
  <system-out/>
</testsuite> <!-- com.scripts.test -->
