<?xml version="1.0" encoding="UTF-8"?>
<!-- Generated by org.testng.reporters.JUnitReportReporter -->
<testsuite skipped="0" hostname="nvhuy1" name="com.scripts.EPTest" tests="1" failures="0" timestamp="2022-01-20T11:00:12 ICT" time="26.183" errors="0">
  <testcase name="EPPOMloginTest" time="26.183" classname="com.scripts.EPTest"/>
  <system-out/>
</testsuite> <!-- com.scripts.EPTest -->
