<?xml version="1.0" encoding="UTF-8"?>
<!-- Generated by org.testng.reporters.JUnitReportReporter -->
<testsuite hostname="DacPCGkim" failures="0" tests="1" name="com.scripts.beauty" time="79.940" errors="0" timestamp="2022-11-30T13:42:01 ICT" skipped="0">
  <testcase classname="com.scripts.beauty" name="Beauty_create_case" time="79.940"/>
  <system-out/>
</testsuite> <!-- com.scripts.beauty -->
