<?xml version="1.0" encoding="UTF-8"?>
<!-- Generated by org.testng.reporters.JUnitReportReporter -->
<testsuite hostname="DacPCGkim" failures="0" tests="6" name="com.scripts.EEG" time="415.313" errors="0" timestamp="2022-11-29T17:14:00 ICT" skipped="0">
  <testcase classname="com.scripts.EEG" name="EEG_new_to_assign" time="50.220"/>
  <system-out/>
  <testcase classname="com.scripts.EEG" name="EEG_assign_to_approve1" time="111.616"/>
  <system-out/>
  <testcase classname="com.scripts.EEG" name="EEG_approve1_to_assign_follow_up" time="62.796"/>
  <system-out/>
  <testcase classname="com.scripts.EEG" name="EEG_to_aprrove3" time="41.627"/>
  <system-out/>
  <testcase classname="com.scripts.EEG" name="EEG_create_case" time="101.970"/>
  <system-out/>
  <testcase classname="com.scripts.EEG" name="EEG_to_complete" time="47.084"/>
  <system-out/>
</testsuite> <!-- com.scripts.EEG -->
